<?xml version="1.0" encoding="UTF-8"?>
<testsuite xmlns:xsi="http://www.w3.org/2001/XMLSchema-instance" xsi:noNamespaceSchemaLocation="https://maven.apache.org/surefire/maven-surefire-plugin/xsd/surefire-test-report.xsd" name="TestSuite" time="239.072" tests="5" errors="0" skipped="0" failures="2">
  <properties>
    <property name="sun.desktop" value="windows"/>
    <property name="awt.toolkit" value="sun.awt.windows.WToolkit"/>
    <property name="file.encoding.pkg" value="sun.io"/>
    <property name="java.specification.version" value="1.8"/>
    <property name="sun.cpu.isalist" value="amd64"/>
    <property name="sun.jnu.encoding" value="Cp1252"/>
    <property name="java.class.path" value="C:\Users\RaheeKhan\Desktop\Clients\POCs\SeeTestSpecificImplementation\target\test-classes;C:\Users\RaheeKhan\Desktop\Clients\POCs\SeeTestSpecificImplementation\target\classes;C:\Users\RaheeKhan\.m2\repository\com\google\cloud\google-cloud-speech\1.27.1\google-cloud-speech-1.27.1.jar;C:\Users\RaheeKhan\.m2\repository\com\google\api\grpc\proto-google-cloud-speech-v1p1beta1\0.80.1\proto-google-cloud-speech-v1p1beta1-0.80.1.jar;C:\Users\RaheeKhan\.m2\repository\com\google\api\grpc\proto-google-cloud-speech-v1\1.27.1\proto-google-cloud-speech-v1-1.27.1.jar;C:\Users\RaheeKhan\.m2\repository\com\google\api\api-common\1.10.3\api-common-1.10.3.jar;C:\Users\RaheeKhan\.m2\repository\com\google\code\findbugs\jsr305\3.0.2\jsr305-3.0.2.jar;C:\Users\RaheeKhan\.m2\repository\javax\annotation\javax.annotation-api\1.3.2\javax.annotation-api-1.3.2.jar;C:\Users\RaheeKhan\.m2\repository\com\google\auto\value\auto-value-annotations\1.8.1\auto-value-annotations-1.8.1.jar;C:\Users\RaheeKhan\.m2\repository\com\google\guava\failureaccess\1.0.1\failureaccess-1.0.1.jar;C:\Users\RaheeKhan\.m2\repository\com\google\guava\listenablefuture\9999.0-empty-to-avoid-conflict-with-guava\listenablefuture-9999.0-empty-to-avoid-conflict-with-guava.jar;C:\Users\RaheeKhan\.m2\repository\org\checkerframework\checker-compat-qual\2.5.5\checker-compat-qual-2.5.5.jar;C:\Users\RaheeKhan\.m2\repository\com\google\errorprone\error_prone_annotations\2.6.0\error_prone_annotations-2.6.0.jar;C:\Users\RaheeKhan\.m2\repository\com\google\j2objc\j2objc-annotations\1.3\j2objc-annotations-1.3.jar;C:\Users\RaheeKhan\.m2\repository\io\grpc\grpc-api\1.37.0\grpc-api-1.37.0.jar;C:\Users\RaheeKhan\.m2\repository\io\grpc\grpc-context\1.37.0\grpc-context-1.37.0.jar;C:\Users\RaheeKhan\.m2\repository\org\codehaus\mojo\animal-sniffer-annotations\1.20\animal-sniffer-annotations-1.20.jar;C:\Users\RaheeKhan\.m2\repository\io\grpc\grpc-stub\1.37.0\grpc-stub-1.37.0.jar;C:\Users\RaheeKhan\.m2\repository\io\grpc\grpc-protobuf\1.37.0\grpc-protobuf-1.37.0.jar;C:\Users\RaheeKhan\.m2\repository\io\grpc\grpc-protobuf-lite\1.37.0\grpc-protobuf-lite-1.37.0.jar;C:\Users\RaheeKhan\.m2\repository\com\google\protobuf\protobuf-java\3.15.8\protobuf-java-3.15.8.jar;C:\Users\RaheeKhan\.m2\repository\com\google\api\grpc\proto-google-common-protos\2.1.0\proto-google-common-protos-2.1.0.jar;C:\Users\RaheeKhan\.m2\repository\com\google\api\gax\1.63.0\gax-1.63.0.jar;C:\Users\RaheeKhan\.m2\repository\com\google\auth\google-auth-library-oauth2-http\0.25.5\google-auth-library-oauth2-http-0.25.5.jar;C:\Users\RaheeKhan\.m2\repository\com\google\http-client\google-http-client\1.39.2\google-http-client-1.39.2.jar;C:\Users\RaheeKhan\.m2\repository\org\apache\httpcomponents\httpclient\4.5.13\httpclient-4.5.13.jar;C:\Users\RaheeKhan\.m2\repository\commons-logging\commons-logging\1.2\commons-logging-1.2.jar;C:\Users\RaheeKhan\.m2\repository\commons-codec\commons-codec\1.15\commons-codec-1.15.jar;C:\Users\RaheeKhan\.m2\repository\org\apache\httpcomponents\httpcore\4.4.14\httpcore-4.4.14.jar;C:\Users\RaheeKhan\.m2\repository\io\opencensus\opencensus-contrib-http-util\0.28.0\opencensus-contrib-http-util-0.28.0.jar;C:\Users\RaheeKhan\.m2\repository\com\google\http-client\google-http-client-gson\1.39.2\google-http-client-gson-1.39.2.jar;C:\Users\RaheeKhan\.m2\repository\com\google\code\gson\gson\2.8.6\gson-2.8.6.jar;C:\Users\RaheeKhan\.m2\repository\io\opencensus\opencensus-api\0.28.0\opencensus-api-0.28.0.jar;C:\Users\RaheeKhan\.m2\repository\com\google\api\gax-grpc\1.63.0\gax-grpc-1.63.0.jar;C:\Users\RaheeKhan\.m2\repository\io\grpc\grpc-auth\1.37.0\grpc-auth-1.37.0.jar;C:\Users\RaheeKhan\.m2\repository\com\google\auth\google-auth-library-credentials\0.25.5\google-auth-library-credentials-0.25.5.jar;C:\Users\RaheeKhan\.m2\repository\io\grpc\grpc-netty-shaded\1.37.0\grpc-netty-shaded-1.37.0.jar;C:\Users\RaheeKhan\.m2\repository\io\grpc\grpc-core\1.37.0\grpc-core-1.37.0.jar;C:\Users\RaheeKhan\.m2\repository\com\google\android\annotations\4.1.1.4\annotations-4.1.1.4.jar;C:\Users\RaheeKhan\.m2\repository\io\perfmark\perfmark-api\0.23.0\perfmark-api-0.23.0.jar;C:\Users\RaheeKhan\.m2\repository\io\grpc\grpc-alts\1.37.0\grpc-alts-1.37.0.jar;C:\Users\RaheeKhan\.m2\repository\io\grpc\grpc-grpclb\1.37.0\grpc-grpclb-1.37.0.jar;C:\Users\RaheeKhan\.m2\repository\com\google\protobuf\protobuf-java-util\3.15.8\protobuf-java-util-3.15.8.jar;C:\Users\RaheeKhan\.m2\repository\org\conscrypt\conscrypt-openjdk-uber\2.5.1\conscrypt-openjdk-uber-2.5.1.jar;C:\Users\RaheeKhan\.m2\repository\org\threeten\threetenbp\1.5.1\threetenbp-1.5.1.jar;C:\Users\RaheeKhan\.m2\repository\com\experitest\reporter-testng\21.4\reporter-testng-21.4.jar;C:\Users\RaheeKhan\.m2\repository\com\experitest\appium-seetest-extension\21.4\appium-seetest-extension-21.4.jar;C:\Users\RaheeKhan\.m2\repository\com\experitest\seetest-client\21.4\seetest-client-21.4.jar;C:\Users\RaheeKhan\.m2\repository\org\apache\xmlrpc\xmlrpc-client\3.1.2\xmlrpc-client-3.1.2.jar;C:\Users\RaheeKhan\.m2\repository\org\apache\xmlrpc\xmlrpc-common\3.1.2\xmlrpc-common-3.1.2.jar;C:\Users\RaheeKhan\.m2\repository\org\apache\ws\commons\util\ws-commons-util\1.0.2\ws-commons-util-1.0.2.jar;C:\Users\RaheeKhan\.m2\repository\io\fastjson\boon\0.33\boon-0.33.jar;C:\Users\RaheeKhan\.m2\repository\com\experitest\manager-client-api\21.4\manager-client-api-21.4.jar;C:\Users\RaheeKhan\.m2\repository\com\experitest\service-common-client\1.0.4\service-common-client-1.0.4.jar;C:\Users\RaheeKhan\.m2\repository\com\experitest\service-common-api\1.0.4\service-common-api-1.0.4.jar;C:\Users\RaheeKhan\.m2\repository\com\experitest\commons-os\1.0.1\commons-os-1.0.1.jar;C:\Users\RaheeKhan\.m2\repository\com\fasterxml\jackson\core\jackson-databind\2.9.7\jackson-databind-2.9.7.jar;C:\Users\RaheeKhan\.m2\repository\com\fasterxml\jackson\core\jackson-annotations\2.9.0\jackson-annotations-2.9.0.jar;C:\Users\RaheeKhan\.m2\repository\com\fasterxml\jackson\core\jackson-core\2.9.7\jackson-core-2.9.7.jar;C:\Users\RaheeKhan\.m2\repository\org\testng\testng\7.4.0\testng-7.4.0.jar;C:\Users\RaheeKhan\.m2\repository\com\beust\jcommander\1.78\jcommander-1.78.jar;C:\Users\RaheeKhan\.m2\repository\org\webjars\jquery\3.5.1\jquery-3.5.1.jar;C:\Users\RaheeKhan\.m2\repository\io\appium\java-client\7.0.0\java-client-7.0.0.jar;C:\Users\RaheeKhan\.m2\repository\org\seleniumhq\selenium\selenium-java\3.141.59\selenium-java-3.141.59.jar;C:\Users\RaheeKhan\.m2\repository\org\seleniumhq\selenium\selenium-chrome-driver\3.141.59\selenium-chrome-driver-3.141.59.jar;C:\Users\RaheeKhan\.m2\repository\org\seleniumhq\selenium\selenium-edge-driver\3.141.59\selenium-edge-driver-3.141.59.jar;C:\Users\RaheeKhan\.m2\repository\org\seleniumhq\selenium\selenium-firefox-driver\3.141.59\selenium-firefox-driver-3.141.59.jar;C:\Users\RaheeKhan\.m2\repository\org\seleniumhq\selenium\selenium-ie-driver\3.141.59\selenium-ie-driver-3.141.59.jar;C:\Users\RaheeKhan\.m2\repository\org\seleniumhq\selenium\selenium-opera-driver\3.141.59\selenium-opera-driver-3.141.59.jar;C:\Users\RaheeKhan\.m2\repository\org\seleniumhq\selenium\selenium-safari-driver\3.141.59\selenium-safari-driver-3.141.59.jar;C:\Users\RaheeKhan\.m2\repository\org\seleniumhq\selenium\selenium-support\3.141.59\selenium-support-3.141.59.jar;C:\Users\RaheeKhan\.m2\repository\org\seleniumhq\selenium\selenium-api\3.141.59\selenium-api-3.141.59.jar;C:\Users\RaheeKhan\.m2\repository\cglib\cglib\3.2.8\cglib-3.2.8.jar;C:\Users\RaheeKhan\.m2\repository\org\ow2\asm\asm\6.2.1\asm-6.2.1.jar;C:\Users\RaheeKhan\.m2\repository\org\apache\ant\ant\1.10.3\ant-1.10.3.jar;C:\Users\RaheeKhan\.m2\repository\org\apache\ant\ant-launcher\1.10.3\ant-launcher-1.10.3.jar;C:\Users\RaheeKhan\.m2\repository\commons-validator\commons-validator\1.6\commons-validator-1.6.jar;C:\Users\RaheeKhan\.m2\repository\commons-beanutils\commons-beanutils\1.9.2\commons-beanutils-1.9.2.jar;C:\Users\RaheeKhan\.m2\repository\commons-digester\commons-digester\1.8.1\commons-digester-1.8.1.jar;C:\Users\RaheeKhan\.m2\repository\commons-collections\commons-collections\3.2.2\commons-collections-3.2.2.jar;C:\Users\RaheeKhan\.m2\repository\org\apache\commons\commons-lang3\3.8\commons-lang3-3.8.jar;C:\Users\RaheeKhan\.m2\repository\commons-io\commons-io\2.6\commons-io-2.6.jar;C:\Users\RaheeKhan\.m2\repository\org\springframework\spring-context\5.1.0.RELEASE\spring-context-5.1.0.RELEASE.jar;C:\Users\RaheeKhan\.m2\repository\org\springframework\spring-aop\5.1.0.RELEASE\spring-aop-5.1.0.RELEASE.jar;C:\Users\RaheeKhan\.m2\repository\org\springframework\spring-beans\5.1.0.RELEASE\spring-beans-5.1.0.RELEASE.jar;C:\Users\RaheeKhan\.m2\repository\org\springframework\spring-core\5.1.0.RELEASE\spring-core-5.1.0.RELEASE.jar;C:\Users\RaheeKhan\.m2\repository\org\springframework\spring-jcl\5.1.0.RELEASE\spring-jcl-5.1.0.RELEASE.jar;C:\Users\RaheeKhan\.m2\repository\org\springframework\spring-expression\5.1.0.RELEASE\spring-expression-5.1.0.RELEASE.jar;C:\Users\RaheeKhan\.m2\repository\org\aspectj\aspectjweaver\1.9.1\aspectjweaver-1.9.1.jar;C:\Users\RaheeKhan\.m2\repository\org\slf4j\slf4j-api\1.7.25\slf4j-api-1.7.25.jar;C:\Users\RaheeKhan\.m2\repository\org\seleniumhq\selenium\selenium-remote-driver\3.141.59\selenium-remote-driver-3.141.59.jar;C:\Users\RaheeKhan\.m2\repository\net\bytebuddy\byte-buddy\1.8.15\byte-buddy-1.8.15.jar;C:\Users\RaheeKhan\.m2\repository\org\apache\commons\commons-exec\1.3\commons-exec-1.3.jar;C:\Users\RaheeKhan\.m2\repository\com\squareup\okhttp3\okhttp\3.11.0\okhttp-3.11.0.jar;C:\Users\RaheeKhan\.m2\repository\com\squareup\okio\okio\1.14.0\okio-1.14.0.jar;C:\Users\RaheeKhan\.m2\repository\com\google\guava\guava\25.0-jre\guava-25.0-jre.jar;C:\Users\RaheeKhan\.m2\repository\com\konghq\unirest-java\3.11.11\unirest-java-3.11.11.jar;C:\Users\RaheeKhan\.m2\repository\org\apache\httpcomponents\httpmime\4.5.13\httpmime-4.5.13.jar;C:\Users\RaheeKhan\.m2\repository\org\apache\httpcomponents\httpcore-nio\4.4.13\httpcore-nio-4.4.13.jar;C:\Users\RaheeKhan\.m2\repository\org\apache\httpcomponents\httpasyncclient\4.1.4\httpasyncclient-4.1.4.jar;C:\Users\RaheeKhan\.m2\repository\org\json\json\20210307\json-20210307.jar;C:\Users\RaheeKhan\.m2\repository\org\apache\maven\surefire\surefire-testng-utils\2.20.1\surefire-testng-utils-2.20.1.jar;C:\Users\RaheeKhan\.m2\repository\org\apache\maven\surefire\surefire-grouper\2.20.1\surefire-grouper-2.20.1.jar;"/>
    <property name="java.vm.vendor" value="Oracle Corporation"/>
    <property name="sun.arch.data.model" value="64"/>
    <property name="user.variant" value=""/>
    <property name="java.vendor.url" value="http://java.oracle.com/"/>
    <property name="user.timezone" value=""/>
    <property name="java.vm.specification.version" value="1.8"/>
    <property name="os.name" value="Windows 10"/>
    <property name="user.country" value="US"/>
    <property name="sun.java.launcher" value="SUN_STANDARD"/>
    <property name="sun.boot.library.path" value="C:\Program Files\Java\jdk1.8.0_162\jre\bin"/>
    <property name="sun.java.command" value="C:\Users\RAHEEK~1\AppData\Local\Temp\surefire4184534752658054256\surefirebooter6433658552897757029.jar C:\Users\RaheeKhan\AppData\Local\Temp\surefire4184534752658054256 2021-08-16T10-28-30_455-jvmRun1 surefire8701535125426158968tmp surefire_01249544482299816825tmp"/>
    <property name="surefire.test.class.path" value="C:\Users\RaheeKhan\Desktop\Clients\POCs\SeeTestSpecificImplementation\target\test-classes;C:\Users\RaheeKhan\Desktop\Clients\POCs\SeeTestSpecificImplementation\target\classes;C:\Users\RaheeKhan\.m2\repository\com\google\cloud\google-cloud-speech\1.27.1\google-cloud-speech-1.27.1.jar;C:\Users\RaheeKhan\.m2\repository\com\google\api\grpc\proto-google-cloud-speech-v1p1beta1\0.80.1\proto-google-cloud-speech-v1p1beta1-0.80.1.jar;C:\Users\RaheeKhan\.m2\repository\com\google\api\grpc\proto-google-cloud-speech-v1\1.27.1\proto-google-cloud-speech-v1-1.27.1.jar;C:\Users\RaheeKhan\.m2\repository\com\google\api\api-common\1.10.3\api-common-1.10.3.jar;C:\Users\RaheeKhan\.m2\repository\com\google\code\findbugs\jsr305\3.0.2\jsr305-3.0.2.jar;C:\Users\RaheeKhan\.m2\repository\javax\annotation\javax.annotation-api\1.3.2\javax.annotation-api-1.3.2.jar;C:\Users\RaheeKhan\.m2\repository\com\google\auto\value\auto-value-annotations\1.8.1\auto-value-annotations-1.8.1.jar;C:\Users\RaheeKhan\.m2\repository\com\google\guava\failureaccess\1.0.1\failureaccess-1.0.1.jar;C:\Users\RaheeKhan\.m2\repository\com\google\guava\listenablefuture\9999.0-empty-to-avoid-conflict-with-guava\listenablefuture-9999.0-empty-to-avoid-conflict-with-guava.jar;C:\Users\RaheeKhan\.m2\repository\org\checkerframework\checker-compat-qual\2.5.5\checker-compat-qual-2.5.5.jar;C:\Users\RaheeKhan\.m2\repository\com\google\errorprone\error_prone_annotations\2.6.0\error_prone_annotations-2.6.0.jar;C:\Users\RaheeKhan\.m2\repository\com\google\j2objc\j2objc-annotations\1.3\j2objc-annotations-1.3.jar;C:\Users\RaheeKhan\.m2\repository\io\grpc\grpc-api\1.37.0\grpc-api-1.37.0.jar;C:\Users\RaheeKhan\.m2\repository\io\grpc\grpc-context\1.37.0\grpc-context-1.37.0.jar;C:\Users\RaheeKhan\.m2\repository\org\codehaus\mojo\animal-sniffer-annotations\1.20\animal-sniffer-annotations-1.20.jar;C:\Users\RaheeKhan\.m2\repository\io\grpc\grpc-stub\1.37.0\grpc-stub-1.37.0.jar;C:\Users\RaheeKhan\.m2\repository\io\grpc\grpc-protobuf\1.37.0\grpc-protobuf-1.37.0.jar;C:\Users\RaheeKhan\.m2\repository\io\grpc\grpc-protobuf-lite\1.37.0\grpc-protobuf-lite-1.37.0.jar;C:\Users\RaheeKhan\.m2\repository\com\google\protobuf\protobuf-java\3.15.8\protobuf-java-3.15.8.jar;C:\Users\RaheeKhan\.m2\repository\com\google\api\grpc\proto-google-common-protos\2.1.0\proto-google-common-protos-2.1.0.jar;C:\Users\RaheeKhan\.m2\repository\com\google\api\gax\1.63.0\gax-1.63.0.jar;C:\Users\RaheeKhan\.m2\repository\com\google\auth\google-auth-library-oauth2-http\0.25.5\google-auth-library-oauth2-http-0.25.5.jar;C:\Users\RaheeKhan\.m2\repository\com\google\http-client\google-http-client\1.39.2\google-http-client-1.39.2.jar;C:\Users\RaheeKhan\.m2\repository\org\apache\httpcomponents\httpclient\4.5.13\httpclient-4.5.13.jar;C:\Users\RaheeKhan\.m2\repository\commons-logging\commons-logging\1.2\commons-logging-1.2.jar;C:\Users\RaheeKhan\.m2\repository\commons-codec\commons-codec\1.15\commons-codec-1.15.jar;C:\Users\RaheeKhan\.m2\repository\org\apache\httpcomponents\httpcore\4.4.14\httpcore-4.4.14.jar;C:\Users\RaheeKhan\.m2\repository\io\opencensus\opencensus-contrib-http-util\0.28.0\opencensus-contrib-http-util-0.28.0.jar;C:\Users\RaheeKhan\.m2\repository\com\google\http-client\google-http-client-gson\1.39.2\google-http-client-gson-1.39.2.jar;C:\Users\RaheeKhan\.m2\repository\com\google\code\gson\gson\2.8.6\gson-2.8.6.jar;C:\Users\RaheeKhan\.m2\repository\io\opencensus\opencensus-api\0.28.0\opencensus-api-0.28.0.jar;C:\Users\RaheeKhan\.m2\repository\com\google\api\gax-grpc\1.63.0\gax-grpc-1.63.0.jar;C:\Users\RaheeKhan\.m2\repository\io\grpc\grpc-auth\1.37.0\grpc-auth-1.37.0.jar;C:\Users\RaheeKhan\.m2\repository\com\google\auth\google-auth-library-credentials\0.25.5\google-auth-library-credentials-0.25.5.jar;C:\Users\RaheeKhan\.m2\repository\io\grpc\grpc-netty-shaded\1.37.0\grpc-netty-shaded-1.37.0.jar;C:\Users\RaheeKhan\.m2\repository\io\grpc\grpc-core\1.37.0\grpc-core-1.37.0.jar;C:\Users\RaheeKhan\.m2\repository\com\google\android\annotations\4.1.1.4\annotations-4.1.1.4.jar;C:\Users\RaheeKhan\.m2\repository\io\perfmark\perfmark-api\0.23.0\perfmark-api-0.23.0.jar;C:\Users\RaheeKhan\.m2\repository\io\grpc\grpc-alts\1.37.0\grpc-alts-1.37.0.jar;C:\Users\RaheeKhan\.m2\repository\io\grpc\grpc-grpclb\1.37.0\grpc-grpclb-1.37.0.jar;C:\Users\RaheeKhan\.m2\repository\com\google\protobuf\protobuf-java-util\3.15.8\protobuf-java-util-3.15.8.jar;C:\Users\RaheeKhan\.m2\repository\org\conscrypt\conscrypt-openjdk-uber\2.5.1\conscrypt-openjdk-uber-2.5.1.jar;C:\Users\RaheeKhan\.m2\repository\org\threeten\threetenbp\1.5.1\threetenbp-1.5.1.jar;C:\Users\RaheeKhan\.m2\repository\com\experitest\reporter-testng\21.4\reporter-testng-21.4.jar;C:\Users\RaheeKhan\.m2\repository\com\experitest\appium-seetest-extension\21.4\appium-seetest-extension-21.4.jar;C:\Users\RaheeKhan\.m2\repository\com\experitest\seetest-client\21.4\seetest-client-21.4.jar;C:\Users\RaheeKhan\.m2\repository\org\apache\xmlrpc\xmlrpc-client\3.1.2\xmlrpc-client-3.1.2.jar;C:\Users\RaheeKhan\.m2\repository\org\apache\xmlrpc\xmlrpc-common\3.1.2\xmlrpc-common-3.1.2.jar;C:\Users\RaheeKhan\.m2\repository\org\apache\ws\commons\util\ws-commons-util\1.0.2\ws-commons-util-1.0.2.jar;C:\Users\RaheeKhan\.m2\repository\io\fastjson\boon\0.33\boon-0.33.jar;C:\Users\RaheeKhan\.m2\repository\com\experitest\manager-client-api\21.4\manager-client-api-21.4.jar;C:\Users\RaheeKhan\.m2\repository\com\experitest\service-common-client\1.0.4\service-common-client-1.0.4.jar;C:\Users\RaheeKhan\.m2\repository\com\experitest\service-common-api\1.0.4\service-common-api-1.0.4.jar;C:\Users\RaheeKhan\.m2\repository\com\experitest\commons-os\1.0.1\commons-os-1.0.1.jar;C:\Users\RaheeKhan\.m2\repository\com\fasterxml\jackson\core\jackson-databind\2.9.7\jackson-databind-2.9.7.jar;C:\Users\RaheeKhan\.m2\repository\com\fasterxml\jackson\core\jackson-annotations\2.9.0\jackson-annotations-2.9.0.jar;C:\Users\RaheeKhan\.m2\repository\com\fasterxml\jackson\core\jackson-core\2.9.7\jackson-core-2.9.7.jar;C:\Users\RaheeKhan\.m2\repository\org\testng\testng\7.4.0\testng-7.4.0.jar;C:\Users\RaheeKhan\.m2\repository\com\beust\jcommander\1.78\jcommander-1.78.jar;C:\Users\RaheeKhan\.m2\repository\org\webjars\jquery\3.5.1\jquery-3.5.1.jar;C:\Users\RaheeKhan\.m2\repository\io\appium\java-client\7.0.0\java-client-7.0.0.jar;C:\Users\RaheeKhan\.m2\repository\org\seleniumhq\selenium\selenium-java\3.141.59\selenium-java-3.141.59.jar;C:\Users\RaheeKhan\.m2\repository\org\seleniumhq\selenium\selenium-chrome-driver\3.141.59\selenium-chrome-driver-3.141.59.jar;C:\Users\RaheeKhan\.m2\repository\org\seleniumhq\selenium\selenium-edge-driver\3.141.59\selenium-edge-driver-3.141.59.jar;C:\Users\RaheeKhan\.m2\repository\org\seleniumhq\selenium\selenium-firefox-driver\3.141.59\selenium-firefox-driver-3.141.59.jar;C:\Users\RaheeKhan\.m2\repository\org\seleniumhq\selenium\selenium-ie-driver\3.141.59\selenium-ie-driver-3.141.59.jar;C:\Users\RaheeKhan\.m2\repository\org\seleniumhq\selenium\selenium-opera-driver\3.141.59\selenium-opera-driver-3.141.59.jar;C:\Users\RaheeKhan\.m2\repository\org\seleniumhq\selenium\selenium-safari-driver\3.141.59\selenium-safari-driver-3.141.59.jar;C:\Users\RaheeKhan\.m2\repository\org\seleniumhq\selenium\selenium-support\3.141.59\selenium-support-3.141.59.jar;C:\Users\RaheeKhan\.m2\repository\org\seleniumhq\selenium\selenium-api\3.141.59\selenium-api-3.141.59.jar;C:\Users\RaheeKhan\.m2\repository\cglib\cglib\3.2.8\cglib-3.2.8.jar;C:\Users\RaheeKhan\.m2\repository\org\ow2\asm\asm\6.2.1\asm-6.2.1.jar;C:\Users\RaheeKhan\.m2\repository\org\apache\ant\ant\1.10.3\ant-1.10.3.jar;C:\Users\RaheeKhan\.m2\repository\org\apache\ant\ant-launcher\1.10.3\ant-launcher-1.10.3.jar;C:\Users\RaheeKhan\.m2\repository\commons-validator\commons-validator\1.6\commons-validator-1.6.jar;C:\Users\RaheeKhan\.m2\repository\commons-beanutils\commons-beanutils\1.9.2\commons-beanutils-1.9.2.jar;C:\Users\RaheeKhan\.m2\repository\commons-digester\commons-digester\1.8.1\commons-digester-1.8.1.jar;C:\Users\RaheeKhan\.m2\repository\commons-collections\commons-collections\3.2.2\commons-collections-3.2.2.jar;C:\Users\RaheeKhan\.m2\repository\org\apache\commons\commons-lang3\3.8\commons-lang3-3.8.jar;C:\Users\RaheeKhan\.m2\repository\commons-io\commons-io\2.6\commons-io-2.6.jar;C:\Users\RaheeKhan\.m2\repository\org\springframework\spring-context\5.1.0.RELEASE\spring-context-5.1.0.RELEASE.jar;C:\Users\RaheeKhan\.m2\repository\org\springframework\spring-aop\5.1.0.RELEASE\spring-aop-5.1.0.RELEASE.jar;C:\Users\RaheeKhan\.m2\repository\org\springframework\spring-beans\5.1.0.RELEASE\spring-beans-5.1.0.RELEASE.jar;C:\Users\RaheeKhan\.m2\repository\org\springframework\spring-core\5.1.0.RELEASE\spring-core-5.1.0.RELEASE.jar;C:\Users\RaheeKhan\.m2\repository\org\springframework\spring-jcl\5.1.0.RELEASE\spring-jcl-5.1.0.RELEASE.jar;C:\Users\RaheeKhan\.m2\repository\org\springframework\spring-expression\5.1.0.RELEASE\spring-expression-5.1.0.RELEASE.jar;C:\Users\RaheeKhan\.m2\repository\org\aspectj\aspectjweaver\1.9.1\aspectjweaver-1.9.1.jar;C:\Users\RaheeKhan\.m2\repository\org\slf4j\slf4j-api\1.7.25\slf4j-api-1.7.25.jar;C:\Users\RaheeKhan\.m2\repository\org\seleniumhq\selenium\selenium-remote-driver\3.141.59\selenium-remote-driver-3.141.59.jar;C:\Users\RaheeKhan\.m2\repository\net\bytebuddy\byte-buddy\1.8.15\byte-buddy-1.8.15.jar;C:\Users\RaheeKhan\.m2\repository\org\apache\commons\commons-exec\1.3\commons-exec-1.3.jar;C:\Users\RaheeKhan\.m2\repository\com\squareup\okhttp3\okhttp\3.11.0\okhttp-3.11.0.jar;C:\Users\RaheeKhan\.m2\repository\com\squareup\okio\okio\1.14.0\okio-1.14.0.jar;C:\Users\RaheeKhan\.m2\repository\com\google\guava\guava\25.0-jre\guava-25.0-jre.jar;C:\Users\RaheeKhan\.m2\repository\com\konghq\unirest-java\3.11.11\unirest-java-3.11.11.jar;C:\Users\RaheeKhan\.m2\repository\org\apache\httpcomponents\httpmime\4.5.13\httpmime-4.5.13.jar;C:\Users\RaheeKhan\.m2\repository\org\apache\httpcomponents\httpcore-nio\4.4.13\httpcore-nio-4.4.13.jar;C:\Users\RaheeKhan\.m2\repository\org\apache\httpcomponents\httpasyncclient\4.1.4\httpasyncclient-4.1.4.jar;C:\Users\RaheeKhan\.m2\repository\org\json\json\20210307\json-20210307.jar;C:\Users\RaheeKhan\.m2\repository\org\apache\maven\surefire\surefire-testng-utils\2.20.1\surefire-testng-utils-2.20.1.jar;C:\Users\RaheeKhan\.m2\repository\org\apache\maven\surefire\surefire-grouper\2.20.1\surefire-grouper-2.20.1.jar;"/>
    <property name="sun.cpu.endian" value="little"/>
    <property name="user.home" value="C:\Users\RaheeKhan"/>
    <property name="user.language" value="en"/>
    <property name="java.specification.vendor" value="Oracle Corporation"/>
    <property name="java.home" value="C:\Program Files\Java\jdk1.8.0_162\jre"/>
    <property name="basedir" value="C:\Users\RaheeKhan\Desktop\Clients\POCs\SeeTestSpecificImplementation"/>
    <property name="file.separator" value="\"/>
    <property name="line.separator" value="&#10;"/>
    <property name="java.vm.specification.vendor" value="Oracle Corporation"/>
    <property name="java.specification.name" value="Java Platform API Specification"/>
    <property name="java.awt.graphicsenv" value="sun.awt.Win32GraphicsEnvironment"/>
    <property name="surefire.real.class.path" value="C:\Users\RAHEEK~1\AppData\Local\Temp\surefire4184534752658054256\surefirebooter6433658552897757029.jar"/>
    <property name="sun.boot.class.path" value="C:\Program Files\Java\jdk1.8.0_162\jre\lib\resources.jar;C:\Program Files\Java\jdk1.8.0_162\jre\lib\rt.jar;C:\Program Files\Java\jdk1.8.0_162\jre\lib\sunrsasign.jar;C:\Program Files\Java\jdk1.8.0_162\jre\lib\jsse.jar;C:\Program Files\Java\jdk1.8.0_162\jre\lib\jce.jar;C:\Program Files\Java\jdk1.8.0_162\jre\lib\charsets.jar;C:\Program Files\Java\jdk1.8.0_162\jre\lib\jfr.jar;C:\Program Files\Java\jdk1.8.0_162\jre\classes"/>
    <property name="user.script" value=""/>
    <property name="sun.management.compiler" value="HotSpot 64-Bit Tiered Compilers"/>
    <property name="java.runtime.version" value="1.8.0_162-b12"/>
    <property name="user.name" value="RaheeKhan"/>
    <property name="path.separator" value=";"/>
    <property name="os.version" value="10.0"/>
    <property name="java.endorsed.dirs" value="C:\Program Files\Java\jdk1.8.0_162\jre\lib\endorsed"/>
    <property name="java.runtime.name" value="Java(TM) SE Runtime Environment"/>
    <property name="file.encoding" value="Cp1252"/>
    <property name="java.vm.name" value="Java HotSpot(TM) 64-Bit Server VM"/>
    <property name="localRepository" value="C:\Users\RaheeKhan\.m2\repository"/>
    <property name="java.vendor.url.bug" value="http://bugreport.sun.com/bugreport/"/>
    <property name="java.io.tmpdir" value="C:\Users\RAHEEK~1\AppData\Local\Temp\"/>
    <property name="java.version" value="1.8.0_162"/>
    <property name="user.dir" value="C:\Users\RaheeKhan\Desktop\Clients\POCs\SeeTestSpecificImplementation"/>
    <property name="os.arch" value="amd64"/>
    <property name="java.vm.specification.name" value="Java Virtual Machine Specification"/>
    <property name="java.awt.printerjob" value="sun.awt.windows.WPrinterJob"/>
    <property name="sun.os.patch.level" value=""/>
    <property name="java.library.path" value="C:\Program Files\Java\jdk1.8.0_162\jre\bin;C:\Windows\Sun\Java\bin;C:\Windows\system32;C:\Windows;C:\Program Files\Common Files\Oracle\Java\javapath;C:\Program Files (x86)\Common Files\Oracle\Java\javapath;C:\ProgramData\Oracle\Java\javapath;C:\Python38\Scripts\;C:\Python38\;C:\Windows\system32;C:\Windows;C:\Windows\System32\Wbem;C:\Windows\System32\WindowsPowerShell\v1.0\;C:\Windows\System32\OpenSSH\;C:\Program Files\Java\jdk1.8.0_162\bin;C:\Program Files\nodejs\;C:\ProgramData\chocolatey\bin;C:\Users\RaheeKhan\AppData\Local\Android\Sdk\tools;C:\Users\RaheeKhan\AppData\Local\Android\Sdk\platform-tools;C:\Users\RaheeKhan\AppData\Local\Android\Sdk\emulator;C:\Program Files\Docker\Docker\resources\bin;C:\ProgramData\DockerDesktop\version-bin;C:\cygwin64\bin;C:\Maven\apache-maven-3.6.3\bin;C:\Program Files\dotnet\;C:\Program Files\Microsoft SQL Server\130\Tools\Binn\;C:\Program Files\Microsoft SQL Server\Client SDK\ODBC\170\Tools\Binn\;C:\Program Files (x86)\Google\Hangouts Plugin for Microsoft Outlook\;C:\Program Files (x86)\dotnet\;C:\Program Files\Git\cmd;C:\Program Files\PuTTY\;C:\Users\RaheeKhan\AppData\Local\Microsoft\WindowsApps;C:\Users\RaheeKhan\AppData\Roaming\npm;C:\Users\RaheeKhan\.dotnet\tools;C:\Users\RaheeKhan\AppData\Local\Google\Cloud SDK\google-cloud-sdk\bin;C:\Users\RaheeKhan\AppData\Local\atom\bin;."/>
    <property name="java.vm.info" value="mixed mode"/>
    <property name="java.vendor" value="Oracle Corporation"/>
    <property name="java.vm.version" value="25.162-b12"/>
    <property name="java.ext.dirs" value="C:\Program Files\Java\jdk1.8.0_162\jre\lib\ext;C:\Windows\Sun\Java\lib\ext"/>
    <property name="sun.io.unicode.encoding" value="UnicodeLittle"/>
    <property name="java.class.version" value="52.0"/>
  </properties>
  <testcase name="browserTestGoogleSearch" classname="selenium.simple_browser_tests.SafariTest" time="2.602">
    <failure message="&#10;Build info: version: &apos;3.141.59&apos;, revision: &apos;e82be7d358&apos;, time: &apos;2018-11-14T08:17:03&apos;&#10;System info: host: &apos;DESKTOP-BN0SG4N&apos;, ip: &apos;192.168.56.1&apos;, os.name: &apos;Windows 10&apos;, os.arch: &apos;amd64&apos;, os.version: &apos;10.0&apos;, java.version: &apos;1.8.0_162&apos;&#10;Driver info: org.openqa.selenium.remote.RemoteWebDriver&#10;Capabilities {acceptInsecureCerts: false, agentName: UKdemo-Selmac-Phy-Catalina, browserName: safari, browserVersion: 13.1.3, javascriptEnabled: true, platform: MAC, platformName: MAC, reportUrl: https://uscloud.experitest...., safari:automaticInspection: false, safari:automaticProfiling: false, safari:diagnose: false, safari:platformBuildVersion: 19H2, safari:platformVersion: 10.15.7, safari:useSimulator: false, sessionId: 864A5B3A-DCCE-4521-AB1C-4E4..., setWindowRect: true, strictFileInteractability: false, viewUrl: https://ukregion.experitest..., webkit:WebRTC: {DisableICECandidateFiltering: false, DisableInsecureMediaCapture: false}}&#10;Session ID: 864A5B3A-DCCE-4521-AB1C-4E47DD2148E5" type="org.openqa.selenium.WebDriverException">org.openqa.selenium.WebDriverException: 

Build info: version: '3.141.59', revision: 'e82be7d358', time: '2018-11-14T08:17:03'
System info: host: 'DESKTOP-BN0SG4N', ip: '192.168.56.1', os.name: 'Windows 10', os.arch: 'amd64', os.version: '10.0', java.version: '1.8.0_162'
Driver info: org.openqa.selenium.remote.RemoteWebDriver
Capabilities {acceptInsecureCerts: false, agentName: UKdemo-Selmac-Phy-Catalina, browserName: safari, browserVersion: 13.1.3, javascriptEnabled: true, platform: MAC, platformName: MAC, reportUrl: https://uscloud.experitest...., safari:automaticInspection: false, safari:automaticProfiling: false, safari:diagnose: false, safari:platformBuildVersion: 19H2, safari:platformVersion: 10.15.7, safari:useSimulator: false, sessionId: 864A5B3A-DCCE-4521-AB1C-4E4..., setWindowRect: true, strictFileInteractability: false, viewUrl: https://ukregion.experitest..., webkit:WebRTC: {DisableICECandidateFiltering: false, DisableInsecureMediaCapture: false}}
Session ID: 864A5B3A-DCCE-4521-AB1C-4E47DD2148E5
	at selenium.simple_browser_tests.SafariTest.browserTestGoogleSearch(SafariTest.java:39)
</failure>
    <system-err><![CDATA[Aug 16, 2021 10:28:39 AM org.openqa.selenium.remote.ProtocolHandshake createSession
INFO: Detected dialect: W3C
Aug 16, 2021 10:28:40 AM org.openqa.selenium.remote.ProtocolHandshake createSession
INFO: Detected dialect: W3C
Aug 16, 2021 10:28:42 AM org.openqa.selenium.remote.ProtocolHandshake createSession
INFO: Detected dialect: W3C
]]></system-err>
  </testcase>
  <testcase name="browserTestGoogleSearch" classname="selenium.simple_browser_tests.FirefoxTest" time="5.403">
    <failure message="[Exception... &quot;Data conversion failed because significant data would be lost&quot;  nsresult: &quot;0x80460003 (NS_ERROR_LOSS_OF_SIGNIFICANT_DATA)&quot;  location: &quot;&lt;unknown&gt;&quot;  data: no]&#10;Build info: version: &apos;3.141.59&apos;, revision: &apos;e82be7d358&apos;, time: &apos;2018-11-14T08:17:03&apos;&#10;System info: host: &apos;DESKTOP-BN0SG4N&apos;, ip: &apos;192.168.56.1&apos;, os.name: &apos;Windows 10&apos;, os.arch: &apos;amd64&apos;, os.version: &apos;10.0&apos;, java.version: &apos;1.8.0_162&apos;&#10;Driver info: org.openqa.selenium.remote.RemoteWebDriver&#10;Capabilities {acceptInsecureCerts: false, agentName: UK-SELWIN, browserName: firefox, browserVersion: 83.0, javascriptEnabled: true, moz:accessibilityChecks: false, moz:buildID: 20201112153044, moz:geckodriverVersion: 0.28.0, moz:headless: false, moz:processID: 6600, moz:profile: C:\Users\uscloud\AppData\Lo..., moz:shutdownTimeout: 60000, moz:useNonSpecCompliantPointerOrigin: false, moz:webdriverClick: true, pageLoadStrategy: normal, platform: WINDOWS, platformName: WINDOWS, platformVersion: 10.0, reportUrl: https://uscloud.experitest...., rotatable: false, sessionId: 84de4776-dff0-464f-8611-512..., setWindowRect: true, strictFileInteractability: false, timeouts: {implicit: 0, pageLoad: 300000, script: 30000}, unhandledPromptBehavior: dismiss and notify, viewUrl: https://ukregion.experitest..., webdriver.remote.sessionid: 84de4776-dff0-464f-8611-512...}&#10;Session ID: 84de4776-dff0-464f-8611-512afe45063f" type="org.openqa.selenium.WebDriverException"><![CDATA[org.openqa.selenium.WebDriverException: 
[Exception... "Data conversion failed because significant data would be lost"  nsresult: "0x80460003 (NS_ERROR_LOSS_OF_SIGNIFICANT_DATA)"  location: "<unknown>"  data: no]
Build info: version: '3.141.59', revision: 'e82be7d358', time: '2018-11-14T08:17:03'
System info: host: 'DESKTOP-BN0SG4N', ip: '192.168.56.1', os.name: 'Windows 10', os.arch: 'amd64', os.version: '10.0', java.version: '1.8.0_162'
Driver info: org.openqa.selenium.remote.RemoteWebDriver
Capabilities {acceptInsecureCerts: false, agentName: UK-SELWIN, browserName: firefox, browserVersion: 83.0, javascriptEnabled: true, moz:accessibilityChecks: false, moz:buildID: 20201112153044, moz:geckodriverVersion: 0.28.0, moz:headless: false, moz:processID: 6600, moz:profile: C:\Users\uscloud\AppData\Lo..., moz:shutdownTimeout: 60000, moz:useNonSpecCompliantPointerOrigin: false, moz:webdriverClick: true, pageLoadStrategy: normal, platform: WINDOWS, platformName: WINDOWS, platformVersion: 10.0, reportUrl: https://uscloud.experitest...., rotatable: false, sessionId: 84de4776-dff0-464f-8611-512..., setWindowRect: true, strictFileInteractability: false, timeouts: {implicit: 0, pageLoad: 300000, script: 30000}, unhandledPromptBehavior: dismiss and notify, viewUrl: https://ukregion.experitest..., webdriver.remote.sessionid: 84de4776-dff0-464f-8611-512...}
Session ID: 84de4776-dff0-464f-8611-512afe45063f
	at selenium.simple_browser_tests.FirefoxTest.browserTestGoogleSearch(FirefoxTest.java:41)
]]></failure>
    <system-out><![CDATA[Report URL: https://uscloud.experitest.com:443/reporter/#/test/56611/project/Default/
]]></system-out>
    <system-err><![CDATA[Aug 16, 2021 10:28:48 AM org.openqa.selenium.remote.ProtocolHandshake createSession
INFO: Detected dialect: W3C
]]></system-err>
  </testcase>
  <testcase name="browserTestGoogleSearch" classname="selenium.simple_browser_tests.ChromeTest" time="52.312"/>
  <testcase name="browserTestGoogleSearch" classname="selenium.simple_browser_tests.EdgeTest" time="55.015"/>
  <testcase name="browserTestGoogleSearch" classname="selenium.simple_browser_tests.IETest" time="110.553"/>
</testsuite>