<?xml version="1.0" encoding="UTF-8"?>
<!-- Generated by org.testng.reporters.JUnitReportReporter -->
<testsuite skipped="0" hostname="DESKTOP-BN0SG4N" name="selenium.simple_browser_tests.EdgeTest" tests="1" failures="0" timestamp="2021-08-16T10:32:30 EDT" time="74.222" errors="0">
  <testcase name="browserTestGoogleSearch" time="74.222" classname="selenium.simple_browser_tests.EdgeTest"/>
  <system-out/>
</testsuite> <!-- selenium.simple_browser_tests.EdgeTest -->
