<?xml version="1.0" encoding="UTF-8"?>
<!-- Generated by org.testng.reporters.JUnitReportReporter -->
<testsuite skipped="0" hostname="DESKTOP-BN0SG4N" name="selenium.simple_browser_tests.ChromeTest" tests="1" failures="0" timestamp="2021-08-16T10:32:30 EDT" time="71.253" errors="0">
  <testcase name="browserTestGoogleSearch" time="71.253" classname="selenium.simple_browser_tests.ChromeTest"/>
  <system-out/>
</testsuite> <!-- selenium.simple_browser_tests.ChromeTest -->
