<?xml version="1.0" encoding="UTF-8"?>
<!-- Generated by org.testng.reporters.JUnitReportReporter -->
<testsuite skipped="0" hostname="DESKTOP-BN0SG4N" name="selenium.simple_browser_tests.IETest" tests="1" failures="0" timestamp="2021-08-16T10:32:30 EDT" time="237.922" errors="0">
  <testcase name="browserTestGoogleSearch" time="237.922" classname="selenium.simple_browser_tests.IETest"/>
  <system-out/>
</testsuite> <!-- selenium.simple_browser_tests.IETest -->
